<?xml version="1.0" encoding="UTF-8"?>
<!-- Generated by org.testng.reporters.JUnitXMLReporter -->
<testsuite hostname="Latitude-KMC" ignored="5" name="Command line test" tests="11" failures="1" timestamp="16 Aug 2020 22:04:27 GMT" time="165.774" errors="0">
  <testcase name="checkAbilityToAddItemToCart" time="3.131" classname="tests.CartTest"/>
  <testcase name="checkChangeNumberOfItemsInTheCart" time="4.689" classname="tests.CartTest"/>
  <testcase name="checkDeleteItemFromTheCart" time="5.473" classname="tests.CartTest"/>
  <testcase name="checkMoveItemToSaveForeLaterFromTheCart" time="4.677" classname="tests.CartTest"/>
  <testcase name="checkOpenSelectingOptionPopUp" time="2.606" classname="tests.ChooseOptionsTest"/>
  <testcase name="checkFilteringByPriceRange" time="4.938" classname="tests.FilterAndSortTest">
    <failure type="java.lang.AssertionError" message="expected [true] but found [false]">
      <![CDATA[java.lang.AssertionError: expected [true] but found [false]
at tests.FilterAndSortTest.checkFilteringByPriceRange(FilterAndSortTest.java:69)
... Removed 39 stack frames]]>
    </failure>
  </testcase> <!-- checkFilteringByPriceRange -->
  <testcase name="checkSortByPriceLowToHigh" time="5.229" classname="tests.FilterAndSortTest"/>
  <testcase name="checkSearchResultWithNonExistentSearchWord" time="1.626" classname="tests.SearchTest"/>
  <testcase name="checkThatUrlContainsSearchWord" time="3.285" classname="tests.SearchTest"/>
  <testcase name="checkImpossibilityToSignInWithInvalidEmail" time="1.85" classname="tests.SignInTest"/>
  <testcase name="checkImpossibilityToSignInWithInvalidMobile" time="1.945" classname="tests.SignInTest"/>
  <testcase name="@BeforeTest profileSetUp" time="0.0" classname="tests.BaseTest">
    <ignored/>
  </testcase> <!-- @BeforeTest profileSetUp -->
  <testcase name="@BeforeTest profileSetUp" time="0.0" classname="tests.BaseTest">
    <ignored/>
  </testcase> <!-- @BeforeTest profileSetUp -->
  <testcase name="@BeforeTest profileSetUp" time="0.0" classname="tests.BaseTest">
    <ignored/>
  </testcase> <!-- @BeforeTest profileSetUp -->
  <testcase name="@BeforeTest profileSetUp" time="0.0" classname="tests.BaseTest">
    <ignored/>
  </testcase> <!-- @BeforeTest profileSetUp -->
  <testcase name="@BeforeTest profileSetUp" time="0.0" classname="tests.BaseTest">
    <ignored/>
  </testcase> <!-- @BeforeTest profileSetUp -->
</testsuite> <!-- Command line test -->
