<?xml version="1.0" encoding="UTF-8" ?>
<testsuite tests="11" failures="1" name="TestSuite" time="39.453" errors="0" skipped="0">
  <properties>
[...]
</properties>
  <testcase classname="tests.CartTest" name="checkAbilityToAddItemToCart" time="3.133"/>
  <testcase classname="tests.CartTest" name="checkChangeNumberOfItemsInTheCart" time="4.689"/>
  <testcase classname="tests.CartTest" name="checkDeleteItemFromTheCart" time="5.473"/>
  <testcase classname="tests.CartTest" name="checkMoveItemToSaveForeLaterFromTheCart" time="4.676"/>
  <testcase classname="tests.ChooseOptionsTest" name="checkOpenSelectingOptionPopUp" time="2.606"/>
  <testcase classname="tests.FilterAndSortTest" name="checkFilteringByPriceRange" time="4.939">
    <failure message="expected [true] but found [false]" type="java.lang.AssertionError">java.lang.AssertionError: expected [true] but found [false]
	at org.testng.Assert.fail(Assert.java:96)
	at org.testng.Assert.failNotEquals(Assert.java:776)
	at org.testng.Assert.assertTrue(Assert.java:44)
	at org.testng.Assert.assertTrue(Assert.java:54)
	at tests.FilterAndSortTest.checkFilteringByPriceRange(FilterAndSortTest.java:69)
</failure>
    <system-err>Starting ChromeDriver 84.0.4147.30 (48b3e868b4cc0aa7e8149519690b6f6949e110a8-refs/branch-heads/4147@{#310}) on port 7456
Only local connections are allowed.
Please see https://chromedriver.chromium.org/security-considerations for suggestions on keeping ChromeDriver safe.
ChromeDriver was started successfully.
Aug 17, 2020 1:03:03 AM org.openqa.selenium.remote.ProtocolHandshake createSession
INFO: Detected dialect: W3C
</system-err>
  </testcase>
  <testcase classname="tests.FilterAndSortTest" name="checkSortByPriceLowToHigh" time="5.229"/>
  <testcase classname="tests.SearchTest" name="checkSearchResultWithNonExistentSearchWord" time="1.626"/>
  <testcase classname="tests.SearchTest" name="checkThatUrlContainsSearchWord" time="3.286"/>
  <testcase classname="tests.SignInTest" name="checkImpossibilityToSignInWithInvalidEmail" time="1.85"/>
  <testcase classname="tests.SignInTest" name="checkImpossibilityToSignInWithInvalidMobile" time="1.946"/>
</testsuite>